Started: 11/23/2018 1:50:56 PM Index.asp
--------------------------------------------------
Sending mail to : info@juran.co.il
OK.
Sending mail to : hassid@netvision.net.il
OK.
Sending mail to : leandro@meteor-nets.com
OK.
Sending mail to : shira@trendlines.com
OK.
Sending mail to : boy@hortidaily.com
OK.
Sending mail to : alon@adama-int.com
OK.
Sending mail to : agam.shay@gmail.com
OK.
Sending mail to : noam@auto-agronom.com
OK.
Sending mail to : nitzalevy.projects@gmail.com
OK.
Sending mail to : edutaboh@gmail.com
OK.
Sending mail to : info@makwa.com
OK.
Sending mail to : chemsi1414@gmail.com
OK.
Sending mail to : uziran@gmail.com
OK.
Sending mail to : amitaij@ardantech.com
OK.
Sending mail to : dan@cressca.com
OK.
Sending mail to : akhilekumar@gmail.com
OK.
Sending mail to : vikramskajale@gmail.com
OK.
Sending mail to : madibanloka@yahoo.fr
OK.
Sending mail to : thegrapeseedoil@azamet.md
OK.
Sending mail to : ormosl@gmail.com
OK.
Sending mail to : info@sninvest.uz
OK.
Sending mail to : rikovitz@agroproject.co.il
OK.
Sending mail to : info@growing-smart.com
OK.
Sending mail to : export@kimitec.es
OK.
Sending mail to : shania@attglobal.net
OK.
Sending mail to : adva@akol.co.il
OK.
Sending mail to : sivan.s@federman.co.il
OK.
Sending mail to : stushar31@yahoo.co.in
OK.
Sending mail to : olgoren@bezeqint.net
OK.
Sending mail to : kazabhaskar@yahoo.com
OK.
Sending mail to : agritech.co@gmail.com
OK.
Sending mail to : dr.bhadanen@yahoo.com
OK.
Sending mail to : vijay@shreeadditives.com
OK.
Sending mail to : info@eecosense.com
OK.
Sending mail to : abrahamgeler@gmail.com
OK.
Sending mail to : philipson19@me.com
OK.
Sending mail to : mumbai@srushtiagronews.com
OK.
Sending mail to : tns.business@gmail.com
OK.
Sending mail to : orit_keren@hotmail.com
OK.
Sending mail to : nathalie@rozenman.com
OK.
Sending mail to : ari@ari.co.il
OK.
Sending mail to : wallacho@zahav.net.il
OK.
Sending mail to : gerrykel@gmail.com
OK.
Sending mail to : moberman1947@gmail.com
OK.
Sending mail to : dubis@netafim.com
OK.
Sending mail to : ljbloomfield@aol.com
OK.
Sending mail to : gerard.leeuwenburgh@vnuexhibitions.com
OK.
Sending mail to : Yana@seedstec.com
OK.
Sending mail to : nitharwal84@gmail.com
OK.
Sending mail to : gustavo.fuchs@gmail.com
OK.
Sending mail to : dan@pomeg-tech.com
OK.
Sending mail to : r-eg0728@live.com.mx
OK.
Sending mail to : steve@shadid.com
OK.
Sending mail to : commerce@panama.mfa.gov.il
OK.
Sending mail to : doron@ivc-online.com
OK.
Sending mail to : rodrigolapuz@hotmail.com
OK.
Sending mail to : vsprasadgorripati@gmail.com
OK.
Sending mail to : kaminiy340@gmail.com
OK.
Sending mail to : chandrabhandhumane111@gmail.com
OK.
Sending mail to : gprasad_in@hotmail.com
OK.
Sending mail to : orit_keren@hotmail.com
OK.
Sending mail to : pokerna.agrotech@gmail.com
OK.
Sending mail to : Chrisaustin994@gmail.com
OK.
Sending mail to : brarkuldeep@hotmail.com
OK.
Sending mail to : krisiddha@gmail.com
OK.
Sending mail to : eran@hydroeco.com
OK.
Sending mail to : pardhesanjay0007@gmail.com
OK.
Sending mail to : natalie@growing-smart.com
OK.
Sending mail to : mohithtumula@gmail.com
OK.
Sending mail to : liora@lr-group.com
OK.
Sending mail to : mukho1967@gmail.com
OK.
Sending mail to : Prasadvarathaiyan@gmail.com
OK.
Sending mail to : Vijitsikand@gmail.com
OK.
Sending mail to : Jerry.rivers13@yahoo.com
OK.
Sending mail to : archit_tripathi@yahoo.com
OK.
Sending mail to : nethaji28@outlook.com
OK.
Sending mail to : arunribu@gmail.com
OK.
Sending mail to : nareshmack@gmail.com
OK.
Sending mail to : rosa@tech.daronet.com
OK.
Sending mail to : roots.gis@gmail.com
OK.
Sending mail to : dvoskin@agroproject.co.il
OK.
Sending mail to : relyo@tech.daronet.com
OK.
Sending mail to : info@allwincoir.com
OK.
Sending mail to : liamryan.wa@gmail.com
OK.
Sending mail to : vaiyavan.mspm@gmail.com
OK.
Sending mail to : sitaramchoudhary1988@gmail.com
OK.
Sending mail to : gal.rudich@mfa.gov.il
OK.
Sending mail to : gudlack@gmail.com
OK.
Sending mail to : marcelle@anthill-lp.com
OK.
Sending mail to : orit@top.pro
OK.
Sending mail to : emilia@stockton-ag.com
OK.
Sending mail to : mukeshnain0029@gmail.com
OK.
Sending mail to : bibhishanbagal@gmail.com
OK.
Sending mail to : manoj@indiachinaonline.org
OK.
Sending mail to : shilibwa247@gmail.com
OK.
Sending mail to : khatu.kishor@mahindra.com
OK.
Sending mail to : asachs@bdlaw.com
OK.
Sending mail to : rwthomas@start.ca
OK.
Sending mail to : adelaniaa@yahoo.com
OK.
Sending mail to : susanflower.gyp@gmail.com
OK.
Sending mail to : aisakili@hotmail.com
OK.
Sending mail to : liaqatcorp@yahoo.com
OK.
Sending mail to : jyoti.munde.me@gmail.com
OK.
Sending mail to : alpesh_a01@rediff.com
OK.
Sending mail to : giluckly@zahav.net.il
OK.
Sending mail to : nkandhai@gmail.com
OK.
Sending mail to : judocho8@gmail.com
OK.
Sending mail to : A.sha@outlook.com
OK.
Sending mail to : ddeepakraja@yahoo.com
OK.
Sending mail to : danielhood1978@gmail.com
OK.
Sending mail to : houlpou@yahoo.fr
OK.
Sending mail to : midadimadji}@yahoo.fr
OK.
Sending mail to : huddasanjay@gmail.com
OK.
Sending mail to : hardik.agravat@ymail.com
OK.
Sending mail to : rpmapl@gmaail.com
OK.
Sending mail to : nareshmakwana@icloud.com
OK.
Sending mail to : ramesh.sankariah@ril.com
OK.
Sending mail to : benkay888@yahoo.com
OK.
Sending mail to : mmontina@nsagroindustries.com
OK.
Sending mail to : jalpesh1987@gmail.com
OK.
Sending mail to : manoharth01@gmail.com
OK.
Sending mail to : sbkaswathy@gmail.com
OK.
Sending mail to : manuel.madani@vnuexhibitions.com
OK.
Sending mail to : pdinesh990@gmail.com
OK.
Sending mail to : Hrideyjaggi@yahoo.com
OK.
Sending mail to : usaindia1000@gmail.com
OK.
Sending mail to : Jeff@maxgrowlights.com
OK.
Sending mail to : damcidai@gmail.com
OK.
Sending mail to : kuldip8407@yahoo.com
OK.
Sending mail to : snp@iitkgp.ac.in
OK.
Sending mail to : srinivasghp@gmail.com
OK.
Sending mail to : avi@kaiima.com
OK.
Sending mail to : michael.kauzlaric@vinelandresearch.com
OK.
Sending mail to : dr.prasad8888@gmail.com
OK.
Sending mail to : haiat.rog@gmail.com
OK.
Sending mail to : pkurumbudel@gmail.com
OK.
Sending mail to : rschitti@gmail.com
OK.
Sending mail to : pbpatel1975@gmail.com
OK.
Sending mail to : anwar.mohammed225@gmail.com
OK.
Sending mail to : nationalpride15@gmail.com
OK.
Sending mail to : werlayinfo@yahoo.com
OK.
Sending mail to : Eric.sorensen@freshpoint.com
OK.
Sending mail to : zealrajesh002@gmail.com
OK.
Sending mail to : mihir9545@gmail.com
OK.
Sending mail to : anitha@vaighaiagro.com
OK.
Sending mail to : redxexports@gmail.com
OK.
Sending mail to : ssekyewa.henry1@yahoo.com
OK.
Sending mail to : lokendrababu@yahoo.com
OK.
Sending mail to : crnandako@yahoo.com
OK.
Sending mail to : guyhefer@barclays.com
OK.
Sending mail to : gursevc@yahoo.com
OK.
Sending mail to : pmvighnesh@gmail.com
OK.
Sending mail to : tminifarm@gmail.com
OK.
Sending mail to : yamunainfo@gmail.com
OK.
Sending mail to : amol5492@gmail.com
OK.
Sending mail to : henrytzep@yahoo.com
OK.
Sending mail to : rafaelhumbertopicado@yahoo.com
OK.
Sending mail to : moran.ben-ami@netafim.com
OK.
Sending mail to : annlouise.obrien@perfection.com.au
OK.
Sending mail to : pratik007modi@yahoo.co.in
OK.
Sending mail to : nivschwartz@gmail.com
OK.
Sending mail to : karin@greenprophet.com
OK.
Sending mail to : amituser00@gmail.com
OK.
Sending mail to : gillmcshane@gmail.com
OK.
Sending mail to : rajeshmadkikar@hotmail.com
OK.
Sending mail to : Bhavikpatel_67@yahoo.in
OK.
Sending mail to : peof@consultant.com
OK.
Sending mail to : sr.ramesh009@gmail.com
OK.
Sending mail to : parthhb_2000@yahoo.co.in
OK.
Sending mail to : Palaksinghal75@gmail.com
OK.
Sending mail to : kvkkss@gmail.com
OK.
Sending mail to : dineshkotadiya25@hotmail.com
OK.
Sending mail to : cmclean@une.net.co
OK.
Sending mail to : d.padmanaban@gmail.com
OK.
Sending mail to : esm_murugan@yahoo.com
OK.
Sending mail to : and753@gmail.com
OK.
Sending mail to : Eyal@origeneseeds.com
OK.
Sending mail to : wijnand.van.rossum@andermattholland.nl
OK.
Sending mail to : onikehp7@hotmail.com
OK.
Sending mail to : shalin_j@yahoo.com
OK.
Sending mail to : naikfarmsandgreenhouse@yahoo.com
OK.
Sending mail to : mrossbloom@gmail.com
OK.
Sending mail to : malidugu@gmail.com
OK.
Sending mail to : dan@groundworkbioag.com
OK.
Sending mail to : plasticorca@gmail.com
OK.
Sending mail to : mehtagalib2@gmail.com
OK.
Sending mail to : cherian.bob@gmail.com
OK.
Sending mail to : j.hendricks@hortialliance.com
OK.
Sending mail to : annmariello@yahoo.com
OK.
Sending mail to : rudresh4913@rediffmail.com
OK.
Sending mail to : ajitasthana@gmail.com
OK.
Sending mail to : Gina@veggieprime.com
OK.
Sending mail to : gabrielsimons1@gmail.com
OK.
Sending mail to : avevelyn.plants@gmail.com
OK.
Sending mail to : anilgprajapati@gmail.com
OK.
Sending mail to : yishai@concept-rx.co.il
OK.
Sending mail to : hu5055@qq.com
OK.
Sending mail to : slekumoisa@yahoo.com
OK.
Sending mail to : niranjanreddy@gmail.com
OK.
Sending mail to : kolarprashu07@gmail.com
OK.
Sending mail to : gerhardkriel777@gmail.com
OK.
Sending mail to : sgans101@gmail.com
OK.
Sending mail to : ved.aniruddhj@gmail.com
OK.
Sending mail to : raymondpeng@yahoo.com
OK.
Sending mail to : Adi@witteam.net
OK.
Sending mail to : ssgroupssuresh@gmail.com
OK.
Sending mail to : Dilipbba25@gmail.com
OK.
Sending mail to : arvindbachhav01@gmail.com
OK.
Sending mail to : ndianaabasipeter@gmail.com
OK.
Sending mail to : danaxe_2000@yahoo.com
OK.
Sending mail to : tinashajan@hotmail.com
OK.
Sending mail to : olayinka.omolere@gmail.com
OK.
Sending mail to : veeresh6468@gmail.com
OK.
Sending mail to : knrsuresh33@gmail.com
OK.
Sending mail to : gnanahari@yahoo.com
OK.
Sending mail to : bsb3131@gmail.com
OK.
Sending mail to : kpnanda@picsinternational.com
OK.
Sending mail to : valleygoma@gmail.com
OK.
Sending mail to : mdevarajan1811@gmail.com
OK.
Sending mail to : aahmed@live.in
OK.
Sending mail to : wam18@yahoo.com
OK.
Sending mail to : iz.yoram@gmail.com
OK.
Sending mail to : ellak@triwallil.co.il
OK.
Sending mail to : loneoakfarmsboonville@gmail.com
OK.
Sending mail to : saurashtra.agri@live.com
OK.
Sending mail to : graham.radermacher@kammlott.de
OK.
Sending mail to : agricountyconsult@gmail.com
OK.
Sending mail to : caylee.talpert@gmail.com
OK.
Sending mail to : edl23@hotmail.com
OK.
Sending mail to : rrom@galilcol.ac.il
OK.
Sending mail to : eshani@galilcol.co.il
OK.
Sending mail to : djyanofsky@gmail.com
OK.
Sending mail to : mulanimanish05@gmail.com
OK.
Sending mail to : akkmahapatra@gmail.com
OK.
Sending mail to : princesutariya@gmail.com
OK.
Sending mail to : mey_wwp@email.com
OK.
Sending mail to : devangsanghvi@charteredspeed.com
OK.
Sending mail to : cpruano2002@yahoo.com
OK.
Sending mail to : rouben.sadian@intnet.mu
OK.
Sending mail to : anishmaurya@outlook.com
OK.
Sending mail to : igbeharry@yahoo.com
OK.
Sending mail to : victorgnanaraj01@gmail.com
OK.
Sending mail to : Info@agriplast.co.in
OK.
Sending mail to : johaexim@gmail.com
OK.
Sending mail to : karansikri@hotmail.com
OK.
Sending mail to : sgotz@tolsa.com
OK.
Sending mail to : srivarahe@gmail.com
OK.
Sending mail to : kariukijesee@gmail.com
OK.
Sending mail to : jayeshprajapati4023@outlook.com
OK.
Sending mail to : opabil@yahoo.com
OK.
Sending mail to : r.preti@ferraricostruzioni.com
OK.
Sending mail to : vaughan.mctaggart@afgri.co.za
OK.
Sending mail to : aubrey@challenge.org
OK.
Sending mail to : agri@utelus.com
OK.
Sending mail to : skaurwar@gmail.com
OK.
Sending mail to : orufarm@hotmail.com
OK.
Sending mail to : phil@pontifaxagtech.com
OK.
Sending mail to : geocrustconstruct@gmail.com
OK.
Sending mail to : m30saini@gmail.com
OK.
Sending mail to : nangilashok@gmail.com
OK.
Sending mail to : raj.yuvrajsinh@yahoo.com
OK.
Sending mail to : karthrai@gmail.com
OK.
Sending mail to : jakecjf@yahoo.com
OK.
Sending mail to : sadeh@yuda@gmail.com
The server rejected one or more recipient addresses. The server response was: 501 5.5.4 Invalid Address

 cdoSMTPServer: automail9.daronet.com
 cdoSendUsingMethod: 2
 cdoSMTPServerPort: 25
 cdoSMTPAuthenticate: 0
 cdoSendUserName: 
 cdoSendPassword: 
 MailFrom: Israel agri<israelagri@emailcampaign.co.il>
Not OK.
Sending mail to : sadeh.yuda@gmail.com
OK.
Sending mail to : cherriesandhu07@gmail.com
OK.
--------------------------------------------------
Total messages: 266
Failed messages: 1
Succeed messages: 265
--------------------------------------------------
Finished: 11/23/2018 1:52:10 PM
